2025-03-10 19:27:24.872 [info] Extension host with pid 79799 started
2025-03-10 19:27:25.050 [info] ExtensionService#_doActivateExtension vscode.github-authentication, startup: false, activationEvent: 'onAuthenticationRequest:github'
2025-03-10 19:27:25.157 [info] ExtensionService#_doActivateExtension vscode.git-base, startup: true, activationEvent: '*', root cause: vscode.git
2025-03-10 19:27:25.188 [info] ExtensionService#_doActivateExtension vscode.git, startup: true, activationEvent: '*'
2025-03-10 19:27:25.283 [info] ExtensionService#_doActivateExtension vscode.github, startup: true, activationEvent: '*'
2025-03-10 19:27:25.391 [info] Eager extensions activated
2025-03-10 19:27:25.402 [info] ExtensionService#_doActivateExtension vscode.debug-auto-launch, startup: false, activationEvent: 'onStartupFinished'
2025-03-10 19:27:25.404 [info] ExtensionService#_doActivateExtension vscode.merge-conflict, startup: false, activationEvent: 'onStartupFinished'
2025-03-10 19:27:42.944 [info] Extension host terminating: renderer closed the MessagePort
2025-03-10 19:27:42.962 [info] Extension host with pid 79799 exiting with code 0
2025-03-10 19:27:44.009 [info] Extension host with pid 79891 started
2025-03-10 19:27:44.009 [info] Skipping acquiring lock for /home/noroot/mypersonalwebsiteproject/~/.vscode-root/User/workspaceStorage/c81e76f148c3ac504953876a5b309e76.
2025-03-10 19:27:44.039 [info] ExtensionService#_doActivateExtension vscode.github-authentication, startup: false, activationEvent: 'onAuthenticationRequest:github'
2025-03-10 19:27:44.126 [info] ExtensionService#_doActivateExtension vscode.git-base, startup: true, activationEvent: '*'
2025-03-10 19:27:44.190 [info] ExtensionService#_doActivateExtension vscode.github, startup: true, activationEvent: '*'
2025-03-10 19:27:44.234 [info] Eager extensions activated
2025-03-10 19:27:44.235 [info] ExtensionService#_doActivateExtension vscode.debug-auto-launch, startup: false, activationEvent: 'onStartupFinished'
2025-03-10 19:27:44.237 [info] ExtensionService#_doActivateExtension vscode.merge-conflict, startup: false, activationEvent: 'onStartupFinished'
2025-03-10 19:27:50.637 [info] ExtensionService#_doActivateExtension vscode.git, startup: false, activationEvent: 'api', root cause: vscode.github
2025-03-10 19:28:00.260 [info] ExtensionService#_doActivateExtension vscode.html-language-features, startup: false, activationEvent: 'onLanguage:html'
2025-03-10 19:28:00.339 [info] ExtensionService#_doActivateExtension vscode.emmet, startup: false, activationEvent: 'onLanguage'
2025-03-10 19:28:03.534 [info] ExtensionService#_doActivateExtension vscode.typescript-language-features, startup: false, activationEvent: 'onLanguage:javascript'
2025-03-10 19:28:05.743 [info] ExtensionService#_doActivateExtension vscode.css-language-features, startup: false, activationEvent: 'onLanguage:css'
2025-03-10 19:34:33.193 [info] ExtensionService#_doActivateExtension ritwickdey.LiveServer, startup: false, activationEvent: 'onStartupFinished'
2025-03-10 19:47:14.203 [info] ExtensionService#_doActivateExtension vscode.media-preview, startup: false, activationEvent: 'onCustomEditor:imagePreview.previewEditor'
